0.000 [ Info   ][Logger] No ORO_LOGLEVEL environment variable set.
0.000 [ Info   ][Logger]  OROCOS version '2.4.0' compiled with GCC 4.5.2. Running in GNU/Linux.
0.000 [ Info   ][Logger] Orocos Logging Activated at level : [ Warning] ( 4 ) 
0.000 [ Info   ][Logger] Reference System Time is : 1313684776991472240 ticks ( 1.31368e+09 seconds ).
0.000 [ Info   ][Logger] Logging is relative to this time.
0.000 [ Info   ][TypekitRepository::Import] Loading Typekit rtt-types.
0.002 [ Info   ][TypekitRepository::Import] Loading Transport CORBA://rtt-types.
0.002 [ Info   ][TypekitRepository::Import] Registered new 'CORBA' transport for ConnPolicy
0.002 [ Info   ][TypekitRepository::Import] Registered new 'CORBA' transport for TaskContext
0.002 [ Info   ][TypekitRepository::Import] Registered new 'CORBA' transport for array
0.002 [ Info   ][TypekitRepository::Import] Registered new 'CORBA' transport for bool
0.002 [ Info   ][TypekitRepository::Import] Registered new 'CORBA' transport for char
0.002 [ Info   ][TypekitRepository::Import] Registered new 'CORBA' transport for double
0.002 [ Info   ][TypekitRepository::Import] Registered new 'CORBA' transport for float
0.002 [ Info   ][TypekitRepository::Import] Registered new 'CORBA' transport for int
0.002 [ Info   ][TypekitRepository::Import] Registered new 'CORBA' transport for string
0.002 [ Info   ][TypekitRepository::Import] Registered new 'CORBA' transport for uint
0.002 [ Info   ][TypekitRepository::Import] Registered new 'CORBA' transport for void
0.002 [ Info   ][TypekitRepository::Import] Loading Transport mqueue://rtt-types.
0.002 [ Info   ][TypekitRepository::Import] Registered new 'mqueue' transport for array
0.002 [ Info   ][TypekitRepository::Import] Registered new 'mqueue' transport for bool
0.002 [ Info   ][TypekitRepository::Import] Registered new 'mqueue' transport for char
0.002 [ Info   ][TypekitRepository::Import] Registered new 'mqueue' transport for double
0.002 [ Info   ][TypekitRepository::Import] Registered new 'mqueue' transport for float
0.002 [ Info   ][TypekitRepository::Import] Registered new 'mqueue' transport for int
0.002 [ Info   ][TypekitRepository::Import] Registered new 'mqueue' transport for uint
0.042 [ Info   ][Thread] Creating Thread for scheduler: 0
0.042 [ Info   ][orocosrb_11843] Thread created with scheduler type '0', priority 0 and period 0.
0.043 [ Info   ][Thread] Creating Thread for scheduler: 0
0.043 [ Info   ][GlobalEngine] Thread created with scheduler type '0', priority 0 and period 0.
0.044 [ Info   ][Logger] Creating new TaskContextServer for orocosrb_11843
0.044 [ Info   ][TaskContextServer()] CTaskContext 'orocosrb_11843' found CORBA Naming Service.
0.045 [ Info   ][TaskContextServer()] Successfully added CTaskContext 'orocosrb_11843' to CORBA Naming Service.
